<?xml version="1.0" encoding="UTF-8"?>
<!-- Generated by org.testng.reporters.JUnitReportReporter -->
<testsuite hostname="DESKTOP-33SJV2T" failures="0" tests="1" name="testCase.Login_TC" time="47.582" errors="0" timestamp="2022-12-30T15:18:20 IST" skipped="0">
  <testcase classname="testCase.Login_TC" name="patientsClientRecommandedVideoTest" time="47.582"/>
  <system-out/>
</testsuite> <!-- testCase.Login_TC -->
